Watching for file changes with StatReloader
"GET /logged_out/ HTTP/1.1" 200 4920
Watching for file changes with StatReloader
"GET /logged_out/ HTTP/1.1" 200 4920
"GET /login/ HTTP/1.1" 200 31387
C:\Users\welson\Desktop\quiz_project\quiz\quiz\settings.py changed, reloading.
Watching for file changes with StatReloader
"GET /logged_out/ HTTP/1.1" 200 4920
"GET /logged_out/ HTTP/1.1" 200 4920
"GET /logged_out/ HTTP/1.1" 200 4920
"GET /logged_out/ HTTP/1.1" 200 4920
"GET /static/js/particles.js HTTP/1.1" 200 43009
"GET /logged_out/ HTTP/1.1" 200 4920
"GET /static/js/particles.js HTTP/1.1" 200 43009
Not Found: /favicon.ico
"GET /favicon.ico HTTP/1.1" 404 6588
"GET /login/ HTTP/1.1" 200 31387
"GET /logged_out/ HTTP/1.1" 200 4920
"GET /login/ HTTP/1.1" 200 31387
Forbidden (Origin checking failed - https://4ceb-95-92-66-187.ngrok-free.app does not match any trusted origins.): /login/
"POST /login/ HTTP/1.1" 403 2573
"GET /login/ HTTP/1.1" 200 31387
Forbidden (Origin checking failed - https://4ceb-95-92-66-187.ngrok-free.app does not match any trusted origins.): /login/
"POST /login/ HTTP/1.1" 403 2573
"GET /login/ HTTP/1.1" 200 31387
"GET /register/ HTTP/1.1" 200 31910
Forbidden (Origin checking failed - https://4ceb-95-92-66-187.ngrok-free.app does not match any trusted origins.): /register/
"POST /register/ HTTP/1.1" 403 2573
Forbidden (Origin checking failed - https://4ceb-95-92-66-187.ngrok-free.app does not match any trusted origins.): /register/
"POST /register/ HTTP/1.1" 403 2573
"GET /register HTTP/1.1" 301 0
"GET /register/ HTTP/1.1" 200 31910
"GET / HTTP/1.1" 302 0
"GET /logged_out/ HTTP/1.1" 200 4920
"GET /login/ HTTP/1.1" 200 31387
Forbidden (Origin checking failed - https://4ceb-95-92-66-187.ngrok-free.app does not match any trusted origins.): /login/
"POST /login/ HTTP/1.1" 403 2573
C:\Users\welson\Desktop\quiz_project\quiz\quiz\settings.py changed, reloading.
Watching for file changes with StatReloader
"GET /login HTTP/1.1" 301 0
"GET /login/ HTTP/1.1" 200 31387
"GET / HTTP/1.1" 302 0
"GET /logged_out/ HTTP/1.1" 200 4920
"GET /login/ HTTP/1.1" 200 31387
"POST /login/ HTTP/1.1" 302 0
"GET / HTTP/1.1" 200 34984
"GET / HTTP/1.1" 200 34984
"GET / HTTP/1.1" 200 34984
"GET / HTTP/1.1" 200 34984
"GET / HTTP/1.1" 200 34984
"POST /login/ HTTP/1.1" 302 0
"GET / HTTP/1.1" 200 34984
"GET / HTTP/1.1" 302 0
"GET /logged_out/ HTTP/1.1" 200 4920
"GET / HTTP/1.1" 302 0
"GET /logged_out/ HTTP/1.1" 200 4920
"GET /login/ HTTP/1.1" 200 31387
"POST /login/ HTTP/1.1" 302 0
"GET / HTTP/1.1" 200 34984
"GET / HTTP/1.1" 200 35259
"GET / HTTP/1.1" 200 35394
C:\Users\welson\Desktop\quiz_project\quiz\quiz\settings.py changed, reloading.
Watching for file changes with StatReloader
C:\Users\welson\Desktop\quiz_project\quiz\quiz\settings.py changed, reloading.
Watching for file changes with StatReloader
"GET / HTTP/1.1" 302 0
"GET /logged_out/ HTTP/1.1" 200 4920
"GET / HTTP/1.1" 302 0
"GET /logged_out/ HTTP/1.1" 200 4920
"GET /static/js/particles.js HTTP/1.1" 200 43009
Not Found: /favicon.ico
"GET /favicon.ico HTTP/1.1" 404 6588
"GET /login/ HTTP/1.1" 200 31797
"POST /login/ HTTP/1.1" 302 0
"GET / HTTP/1.1" 200 35394
"GET / HTTP/1.1" 302 0
"GET /logged_out/ HTTP/1.1" 200 4920
"GET /logged_out/ HTTP/1.1" 200 4920
"GET /logged_out/ HTTP/1.1" 200 4920
"GET /static/js/particles.js HTTP/1.1" 200 43009
"GET / HTTP/1.1" 200 35778
"GET / HTTP/1.1" 200 35778
"GET / HTTP/1.1" 200 35793
"GET / HTTP/1.1" 200 35793
"GET / HTTP/1.1" 200 35793
"GET / HTTP/1.1" 200 35793
"GET /login/ HTTP/1.1" 200 32196
"POST /login/ HTTP/1.1" 302 0
"GET / HTTP/1.1" 200 35793
"GET /login/ HTTP/1.1" 200 32196
"GET /login/ HTTP/1.1" 200 32196
"GET /logged_out/ HTTP/1.1" 302 0
"GET / HTTP/1.1" 200 35793
"GET /quiz/15/ HTTP/1.1" 200 40778
"POST /logout/ HTTP/1.1" 302 0
"GET / HTTP/1.1" 302 0
"GET /logged_out/ HTTP/1.1" 200 4920
"GET /register/ HTTP/1.1" 200 32719
"POST /register/ HTTP/1.1" 302 0
"GET / HTTP/1.1" 200 35792
"GET / HTTP/1.1" 302 0
"GET /logged_out/ HTTP/1.1" 200 4920
"GET /static/js/particles.js HTTP/1.1" 200 43009
Not Found: /favicon.ico
"GET /favicon.ico HTTP/1.1" 404 6588
Not Found: /favicon.ico
"GET /favicon.ico HTTP/1.1" 404 6588
"GET / HTTP/1.1" 302 0
"GET /logged_out/ HTTP/1.1" 200 4920
"GET /static/js/particles.js HTTP/1.1" 200 43009
Not Found: /favicon.ico
"GET /favicon.ico HTTP/1.1" 404 6588
Not Found: /favicon.ico
"GET /favicon.ico HTTP/1.1" 404 6588
"GET /register/ HTTP/1.1" 200 32719
"GET / HTTP/1.1" 302 0
"GET /logged_out/ HTTP/1.1" 200 4920
Not Found: /favicon.ico
"GET /favicon.ico HTTP/1.1" 404 6588
Not Found: /favicon.ico
"GET /favicon.ico HTTP/1.1" 404 6588
"POST /register/ HTTP/1.1" 302 0
"GET / HTTP/1.1" 200 35791
"GET /login/ HTTP/1.1" 200 32196
"GET /register/ HTTP/1.1" 200 32719
"POST /login/ HTTP/1.1" 302 0
"GET / HTTP/1.1" 200 35792
"GET /quiz/15/ HTTP/1.1" 200 61671
"GET / HTTP/1.1" 200 35791
Not Found: /favicon.ico
"GET /favicon.ico HTTP/1.1" 404 6588
Not Found: /favicon.ico
"GET /favicon.ico HTTP/1.1" 404 6588
"POST /quiz/15/ HTTP/1.1" 302 0
"GET /quiz/15/result/ HTTP/1.1" 200 34731
"GET / HTTP/1.1" 200 35792
"GET / HTTP/1.1" 200 35791
Not Found: /favicon.ico
"GET /favicon.ico HTTP/1.1" 404 6588
Not Found: /favicon.ico
"GET /favicon.ico HTTP/1.1" 404 6588
"GET /quiz/15/result/ HTTP/1.1" 200 34731
"GET /quiz/15/ HTTP/1.1" 200 31689
"GET / HTTP/1.1" 200 35792
"GET /login/ HTTP/1.1" 200 32196
"GET /logged_out/ HTTP/1.1" 302 0
"GET / HTTP/1.1" 200 35792
"GET / HTTP/1.1" 200 35791
Not Found: /favicon.ico
"GET /favicon.ico HTTP/1.1" 404 6588
Not Found: /favicon.ico
"GET /favicon.ico HTTP/1.1" 404 6588
"GET / HTTP/1.1" 200 35792
Not Found: /favicon.ico
"GET /favicon.ico HTTP/1.1" 404 6588
Not Found: /favicon.ico
"GET /favicon.ico HTTP/1.1" 404 6588
"GET / HTTP/1.1" 200 35791
Not Found: /favicon.ico
"GET /favicon.ico HTTP/1.1" 404 6588
Not Found: /favicon.ico
"GET /favicon.ico HTTP/1.1" 404 6588
"GET / HTTP/1.1" 200 35791
Not Found: /favicon.ico
"GET /favicon.ico HTTP/1.1" 404 6588
Not Found: /favicon.ico
"GET /favicon.ico HTTP/1.1" 404 6588
"GET /quiz/15/ HTTP/1.1" 200 61671
"GET / HTTP/1.1" 200 35791
"GET / HTTP/1.1" 200 35775
"GET /quiz/15/ HTTP/1.1" 200 31672
"GET /quiz/15/result/ HTTP/1.1" 200 34714
"GET / HTTP/1.1" 200 35775
"GET /quiz/15/ HTTP/1.1" 200 31672
"GET / HTTP/1.1" 200 35775
"GET / HTTP/1.1" 200 35738
"GET / HTTP/1.1" 200 35739
"GET / HTTP/1.1" 200 35739
"GET / HTTP/1.1" 200 35738
"GET / HTTP/1.1" 200 35821
"GET / HTTP/1.1" 200 35671
"GET / HTTP/1.1" 200 35729
"GET / HTTP/1.1" 200 35729
"GET / HTTP/1.1" 200 35698
"GET / HTTP/1.1" 200 35698
"GET / HTTP/1.1" 200 35858
"GET /quiz/24/ HTTP/1.1" 200 31736
"GET / HTTP/1.1" 200 35858
"GET / HTTP/1.1" 200 35859
"GET / HTTP/1.1" 200 36655
"GET /quiz/20/ HTTP/1.1" 200 32546
"GET / HTTP/1.1" 200 36410
"GET /quiz/15/ HTTP/1.1" 200 32307
"GET / HTTP/1.1" 200 36411
"GET /quiz/15/ HTTP/1.1" 200 41396
Watching for file changes with StatReloader
Not Found: /api/chat
"GET /api/chat HTTP/1.1" 404 6561
Not Found: /favicon.ico
"GET /favicon.ico HTTP/1.1" 404 6570
"GET / HTTP/1.1" 302 0
"GET /logged_out/ HTTP/1.1" 200 4920
"GET /static/js/particles.js HTTP/1.1" 200 43009
"GET /register/ HTTP/1.1" 200 33337
Not Found: /favicon.ico
- Broken pipe from ('127.0.0.1', 52243)
"GET /register/ HTTP/1.1" 200 36142
Not Found: /favicon.ico
- Broken pipe from ('127.0.0.1', 52723)
"GET /register/ HTTP/1.1" 200 36142
"GET /register/ HTTP/1.1" 200 2420
"GET /register/ HTTP/1.1" 200 2420
"GET /register/ HTTP/1.1" 200 36051
"GET /register/ HTTP/1.1" 200 2450
Not Found: /favicon.ico
- Broken pipe from ('127.0.0.1', 52745)
"GET /register/ HTTP/1.1" 200 2450
"GET /register/ HTTP/1.1" 200 36051
"GET /register/ HTTP/1.1" 200 36448
Not Found: /favicon.ico
- Broken pipe from ('127.0.0.1', 52859)
"GET /register/ HTTP/1.1" 200 36445
"POST /register/ HTTP/1.1" 200 36732
"POST /register/ HTTP/1.1" 302 0
"GET / HTTP/1.1" 200 38137
"GET /quiz/15/ HTTP/1.1" 200 64009
"POST /quiz/15/ HTTP/1.1" 302 0
"GET /quiz/15/result/ HTTP/1.1" 200 36752
Not Found: /favicon.ico
- Broken pipe from ('127.0.0.1', 52868)
"GET / HTTP/1.1" 200 38137
"GET /?q=test HTTP/1.1" 200 36079
"GET /quiz/15/ HTTP/1.1" 200 64009
"GET / HTTP/1.1" 200 38137
"GET /quiz/15/ HTTP/1.1" 200 64009
"POST /quiz/15/ HTTP/1.1" 302 0
"GET /quiz/15/result/ HTTP/1.1" 200 37066
Not Found: /favicon.ico
- Broken pipe from ('127.0.0.1', 52877)
"GET / HTTP/1.1" 200 38137
Not Found: /favicon.ico
- Broken pipe from ('127.0.0.1', 52882)
"GET /quiz/15/ HTTP/1.1" 200 34027
Not Found: /favicon.ico
- Broken pipe from ('127.0.0.1', 52883)
"GET /quiz/15/result/ HTTP/1.1" 200 37066
"GET / HTTP/1.1" 200 38137
"POST /logout/ HTTP/1.1" 302 0
"GET / HTTP/1.1" 302 0
"GET /logged_out/ HTTP/1.1" 200 4920
"GET /login/ HTTP/1.1" 200 34534
"GET /login/ HTTP/1.1" 200 34978
"POST /login/ HTTP/1.1" 302 0
"GET / HTTP/1.1" 200 38131
"GET /quiz/15/ HTTP/1.1" 200 43116
"GET / HTTP/1.1" 200 38131
Watching for file changes with StatReloader
"GET / HTTP/1.1" 200 38131
"POST /logout/ HTTP/1.1" 302 0
"GET / HTTP/1.1" 302 0
"GET /logged_out/ HTTP/1.1" 200 4920
"GET /static/js/particles.js HTTP/1.1" 200 43009
"GET /login/ HTTP/1.1" 200 34978
"GET /login/ HTTP/1.1" 200 34995
"POST /login/ HTTP/1.1" 302 0
"GET / HTTP/1.1" 200 38148
"POST /logout/ HTTP/1.1" 302 0
"GET / HTTP/1.1" 302 0
"GET /logged_out/ HTTP/1.1" 200 4920
"GET /register/ HTTP/1.1" 200 36462
Not Found: /favicon.ico
- Broken pipe from ('127.0.0.1', 50323)
"GET / HTTP/1.1" 302 0
"GET /logged_out/ HTTP/1.1" 200 4920
"GET /login/ HTTP/1.1" 200 34995
Not Found: /favicon.ico
- Broken pipe from ('127.0.0.1', 50374)
"POST /login/ HTTP/1.1" 302 0
"GET / HTTP/1.1" 200 38148
"GET /quiz/15/ HTTP/1.1" 200 43133
"GET /quiz/15/participant-results/ HTTP/1.1" 200 86417
"GET / HTTP/1.1" 200 38148
"GET /quiz/20/ HTTP/1.1" 200 34038
"GET /quiz/20/result/ HTTP/1.1" 200 34218
"GET / HTTP/1.1" 200 38148
C:\Users\welson\Desktop\quiz_project\quiz\home\views.py changed, reloading.
Watching for file changes with StatReloader
C:\Users\welson\Desktop\quiz_project\quiz\home\views.py changed, reloading.
Watching for file changes with StatReloader
C:\Users\welson\Desktop\quiz_project\quiz\home\views.py changed, reloading.
Watching for file changes with StatReloader
C:\Users\welson\Desktop\quiz_project\quiz\home\urls.py changed, reloading.
Watching for file changes with StatReloader
"GET /admin/base/user/ HTTP/1.1" 302 0
"GET /admin/login/?next=/admin/base/user/ HTTP/1.1" 200 3694
"GET /static/admin/css/base.css HTTP/1.1" 200 22092
"GET /static/admin/css/login.css HTTP/1.1" 200 951
"GET /static/admin/css/responsive.css HTTP/1.1" 200 17972
"GET /static/admin/css/dark_mode.css HTTP/1.1" 200 2804
"GET /static/admin/js/nav_sidebar.js HTTP/1.1" 200 3063
"GET /static/admin/css/nav_sidebar.css HTTP/1.1" 200 2810
"GET /static/admin/js/theme.js HTTP/1.1" 200 1653
"GET / HTTP/1.1" 200 38148
"GET / HTTP/1.1" 200 38148
Not Found: /search
"GET /search HTTP/1.1" 404 7104
"GET /search/users HTTP/1.1" 301 0
Internal Server Error: /search/users/
Traceback (most recent call last):
  File "C:\Users\welson\scoop\apps\python\current\Lib\site-packages\django\core\handlers\exception.py", line 55, in inner
    response = get_response(request)
  File "C:\Users\welson\scoop\apps\python\current\Lib\site-packages\django\core\handlers\base.py", line 197, in _get_response
    response = wrapped_callback(request, *callback_args, **callback_kwargs)
  File "C:\Users\welson\Desktop\quiz_project\quiz\home\views.py", line 26, in user_search
    return render(request, 'quiz/user_search.html', {'users': users, 'query': query})
  File "C:\Users\welson\scoop\apps\python\current\Lib\site-packages\django\shortcuts.py", line 25, in render
    content = loader.render_to_string(template_name, context, request, using=using)
  File "C:\Users\welson\scoop\apps\python\current\Lib\site-packages\django\template\loader.py", line 61, in render_to_string
    template = get_template(template_name, using=using)
  File "C:\Users\welson\scoop\apps\python\current\Lib\site-packages\django\template\loader.py", line 19, in get_template
    raise TemplateDoesNotExist(template_name, chain=chain)
django.template.exceptions.TemplateDoesNotExist: quiz/user_search.html
"GET /search/users/ HTTP/1.1" 500 83436
C:\Users\welson\Desktop\quiz_project\quiz\home\views.py changed, reloading.
Watching for file changes with StatReloader
"GET /search/users/ HTTP/1.1" 200 34060
Not Found: /favicon.ico
- Broken pipe from ('127.0.0.1', 50782)
"GET /search/users/?q=User HTTP/1.1" 200 34563
Not Found: /favicon.ico
- Broken pipe from ('127.0.0.1', 50784)
"GET /profile/TestUser1/ HTTP/1.1" 200 33972
Not Found: /favicon.ico
- Broken pipe from ('127.0.0.1', 50785)
"GET / HTTP/1.1" 200 38148
"POST /logout/ HTTP/1.1" 302 0
"GET / HTTP/1.1" 302 0
"GET /logged_out/ HTTP/1.1" 200 4920
"GET /login/ HTTP/1.1" 200 34995
"POST /login/ HTTP/1.1" 302 0
"GET / HTTP/1.1" 200 38148
Not Found: /serch/users
"GET /serch/users HTTP/1.1" 404 7119
"GET /search/users HTTP/1.1" 301 0
"GET /search/users/ HTTP/1.1" 200 34060
"GET /search/users/?q=User HTTP/1.1" 200 34563
Internal Server Error: /profile/User1/
Traceback (most recent call last):
  File "C:\Users\welson\scoop\apps\python\current\Lib\site-packages\django\core\handlers\exception.py", line 55, in inner
    response = get_response(request)
  File "C:\Users\welson\scoop\apps\python\current\Lib\site-packages\django\core\handlers\base.py", line 197, in _get_response
    response = wrapped_callback(request, *callback_args, **callback_kwargs)
  File "C:\Users\welson\Desktop\quiz_project\quiz\home\views.py", line 31, in user_profile
    return render(request, 'home/user_profile.html', {'profile_user': user, 'quizzes': quizzes})
  File "C:\Users\welson\scoop\apps\python\current\Lib\site-packages\django\shortcuts.py", line 25, in render
    content = loader.render_to_string(template_name, context, request, using=using)
  File "C:\Users\welson\scoop\apps\python\current\Lib\site-packages\django\template\loader.py", line 62, in render_to_string
    return template.render(context, request)
           ~~~~~~~~~~~~~~~^^^^^^^^^^^^^^^^^^
  File "C:\Users\welson\scoop\apps\python\current\Lib\site-packages\django\template\backends\django.py", line 107, in render
    return self.template.render(context)
           ~~~~~~~~~~~~~~~~~~~~^^^^^^^^^
  File "C:\Users\welson\scoop\apps\python\current\Lib\site-packages\django\template\base.py", line 171, in render
    return self._render(context)
           ~~~~~~~~~~~~^^^^^^^^^
  File "C:\Users\welson\scoop\apps\python\current\Lib\site-packages\django\template\base.py", line 163, in _render
    return self.nodelist.render(context)
           ~~~~~~~~~~~~~~~~~~~~^^^^^^^^^
  File "C:\Users\welson\scoop\apps\python\current\Lib\site-packages\django\template\base.py", line 1008, in render
    return SafeString("".join([node.render_annotated(context) for node in self]))
                               ~~~~~~~~~~~~~~~~~~~~~^^^^^^^^^
  File "C:\Users\welson\scoop\apps\python\current\Lib\site-packages\django\template\base.py", line 969, in render_annotated
    return self.render(context)
           ~~~~~~~~~~~^^^^^^^^^
  File "C:\Users\welson\scoop\apps\python\current\Lib\site-packages\django\template\loader_tags.py", line 159, in render
    return compiled_parent._render(context)
           ~~~~~~~~~~~~~~~~~~~~~~~^^^^^^^^^
  File "C:\Users\welson\scoop\apps\python\current\Lib\site-packages\django\template\base.py", line 163, in _render
    return self.nodelist.render(context)
           ~~~~~~~~~~~~~~~~~~~~^^^^^^^^^
  File "C:\Users\welson\scoop\apps\python\current\Lib\site-packages\django\template\base.py", line 1008, in render
    return SafeString("".join([node.render_annotated(context) for node in self]))
                               ~~~~~~~~~~~~~~~~~~~~~^^^^^^^^^
  File "C:\Users\welson\scoop\apps\python\current\Lib\site-packages\django\template\base.py", line 969, in render_annotated
    return self.render(context)
           ~~~~~~~~~~~^^^^^^^^^
  File "C:\Users\welson\scoop\apps\python\current\Lib\site-packages\django\template\loader_tags.py", line 65, in render
    result = block.nodelist.render(context)
  File "C:\Users\welson\scoop\apps\python\current\Lib\site-packages\django\template\base.py", line 1008, in render
    return SafeString("".join([node.render_annotated(context) for node in self]))
                               ~~~~~~~~~~~~~~~~~~~~~^^^^^^^^^
  File "C:\Users\welson\scoop\apps\python\current\Lib\site-packages\django\template\base.py", line 969, in render_annotated
    return self.render(context)
           ~~~~~~~~~~~^^^^^^^^^
  File "C:\Users\welson\scoop\apps\python\current\Lib\site-packages\django\template\defaulttags.py", line 327, in render
    return nodelist.render(context)
           ~~~~~~~~~~~~~~~^^^^^^^^^
  File "C:\Users\welson\scoop\apps\python\current\Lib\site-packages\django\template\base.py", line 1008, in render
    return SafeString("".join([node.render_annotated(context) for node in self]))
                               ~~~~~~~~~~~~~~~~~~~~~^^^^^^^^^
  File "C:\Users\welson\scoop\apps\python\current\Lib\site-packages\django\template\base.py", line 969, in render_annotated
    return self.render(context)
           ~~~~~~~~~~~^^^^^^^^^
  File "C:\Users\welson\scoop\apps\python\current\Lib\site-packages\django\template\defaulttags.py", line 243, in render
    nodelist.append(node.render_annotated(context))
                    ~~~~~~~~~~~~~~~~~~~~~^^^^^^^^^
  File "C:\Users\welson\scoop\apps\python\current\Lib\site-packages\django\template\base.py", line 969, in render_annotated
    return self.render(context)
           ~~~~~~~~~~~^^^^^^^^^
  File "C:\Users\welson\scoop\apps\python\current\Lib\site-packages\django\template\defaulttags.py", line 480, in render
    url = reverse(view_name, args=args, kwargs=kwargs, current_app=current_app)
  File "C:\Users\welson\scoop\apps\python\current\Lib\site-packages\django\urls\base.py", line 88, in reverse
    return resolver._reverse_with_prefix(view, prefix, *args, **kwargs)
           ~~~~~~~~~~~~~~~~~~~~~~~~~~~~~^^^^^^^^^^^^^^^^^^^^^^^^^^^^^^^
  File "C:\Users\welson\scoop\apps\python\current\Lib\site-packages\django\urls\resolvers.py", line 831, in _reverse_with_prefix
    raise NoReverseMatch(msg)
django.urls.exceptions.NoReverseMatch: Reverse for 'quiz_detail' not found. 'quiz_detail' is not a valid view function or pattern name.
"GET /profile/User1/ HTTP/1.1" 500 176944
"GET /search/users/ HTTP/1.1" 200 34060
"GET /profile/User1/ HTTP/1.1" 200 35587
"GET /quiz/28/ HTTP/1.1" 200 34024
"GET /quiz/28/result/ HTTP/1.1" 200 34212
"GET / HTTP/1.1" 200 38148
"GET /search/users/ HTTP/1.1" 200 34060
"GET /search/users/?q=user2 HTTP/1.1" 200 34156
"GET /profile/User2/ HTTP/1.1" 200 34126
"GET / HTTP/1.1" 200 38148
"GET /quiz/20/ HTTP/1.1" 200 34693
"GET / HTTP/1.1" 200 38148
"GET /quiz/15/ HTTP/1.1" 200 64026
"GET / HTTP/1.1" 200 38148
"GET /quiz/28/ HTTP/1.1" 200 34024
"GET /quiz/28/result/ HTTP/1.1" 200 34212
"GET / HTTP/1.1" 200 38148
"GET /quiz/29/ HTTP/1.1" 200 34026
"GET / HTTP/1.1" 200 38148
"GET /quiz/26/ HTTP/1.1" 200 34038
"GET / HTTP/1.1" 200 38148
"GET /quiz/15/ HTTP/1.1" 200 64026
"POST /quiz/15/ HTTP/1.1" 302 0
"GET /quiz/15/result/ HTTP/1.1" 200 37086
"GET / HTTP/1.1" 200 38148
"GET /quiz/15/ HTTP/1.1" 200 34044
"GET / HTTP/1.1" 200 38148
"GET / HTTP/1.1" 200 38156
"GET / HTTP/1.1" 200 38156
"GET / HTTP/1.1" 200 38148
"GET / HTTP/1.1" 200 38395
C:\Users\welson\Desktop\quiz_project\quiz\home\views.py changed, reloading.
Watching for file changes with StatReloader
C:\Users\welson\Desktop\quiz_project\quiz\home\views.py changed, reloading.
Watching for file changes with StatReloader
C:\Users\welson\Desktop\quiz_project\quiz\home\views.py changed, reloading.
Watching for file changes with StatReloader
"GET / HTTP/1.1" 200 38204
"GET /quiz/20/ HTTP/1.1" 200 34693
"GET / HTTP/1.1" 200 38204
"GET / HTTP/1.1" 200 39083
Internal Server Error: /
Traceback (most recent call last):
  File "C:\Users\welson\scoop\apps\python\current\Lib\site-packages\django\template\base.py", line 510, in parse
    compile_func = self.tags[command]
                   ~~~~~~~~~^^^^^^^^^
KeyError: 'static'

During handling of the above exception, another exception occurred:

Traceback (most recent call last):
  File "C:\Users\welson\scoop\apps\python\current\Lib\site-packages\django\core\handlers\exception.py", line 55, in inner
    response = get_response(request)
  File "C:\Users\welson\scoop\apps\python\current\Lib\site-packages\django\core\handlers\base.py", line 220, in _get_response
    response = response.render()
  File "C:\Users\welson\scoop\apps\python\current\Lib\site-packages\django\template\response.py", line 114, in render
    self.content = self.rendered_content
                   ^^^^^^^^^^^^^^^^^^^^^
  File "C:\Users\welson\scoop\apps\python\current\Lib\site-packages\django\template\response.py", line 90, in rendered_content
    template = self.resolve_template(self.template_name)
  File "C:\Users\welson\scoop\apps\python\current\Lib\site-packages\django\template\response.py", line 72, in resolve_template
    return select_template(template, using=self.using)
  File "C:\Users\welson\scoop\apps\python\current\Lib\site-packages\django\template\loader.py", line 42, in select_template
    return engine.get_template(template_name)
           ~~~~~~~~~~~~~~~~~~~^^^^^^^^^^^^^^^
  File "C:\Users\welson\scoop\apps\python\current\Lib\site-packages\django\template\backends\django.py", line 79, in get_template
    return Template(self.engine.get_template(template_name), self)
                    ~~~~~~~~~~~~~~~~~~~~~~~~^^^^^^^^^^^^^^^
  File "C:\Users\welson\scoop\apps\python\current\Lib\site-packages\django\template\engine.py", line 177, in get_template
    template, origin = self.find_template(template_name)
                       ~~~~~~~~~~~~~~~~~~^^^^^^^^^^^^^^^
  File "C:\Users\welson\scoop\apps\python\current\Lib\site-packages\django\template\engine.py", line 159, in find_template
    template = loader.get_template(name, skip=skip)
  File "C:\Users\welson\scoop\apps\python\current\Lib\site-packages\django\template\loaders\cached.py", line 57, in get_template
    template = super().get_template(template_name, skip)
  File "C:\Users\welson\scoop\apps\python\current\Lib\site-packages\django\template\loaders\base.py", line 28, in get_template
    return Template(
        contents,
    ...<2 lines>...
        self.engine,
    )
  File "C:\Users\welson\scoop\apps\python\current\Lib\site-packages\django\template\base.py", line 154, in __init__
    self.nodelist = self.compile_nodelist()
                    ~~~~~~~~~~~~~~~~~~~~~^^
  File "C:\Users\welson\scoop\apps\python\current\Lib\site-packages\django\template\base.py", line 196, in compile_nodelist
    nodelist = parser.parse()
  File "C:\Users\welson\scoop\apps\python\current\Lib\site-packages\django\template\base.py", line 518, in parse
    raise self.error(token, e)
  File "C:\Users\welson\scoop\apps\python\current\Lib\site-packages\django\template\base.py", line 516, in parse
    compiled_result = compile_func(self, token)
  File "C:\Users\welson\scoop\apps\python\current\Lib\site-packages\django\template\loader_tags.py", line 295, in do_extends
    nodelist = parser.parse()
  File "C:\Users\welson\scoop\apps\python\current\Lib\site-packages\django\template\base.py", line 518, in parse
    raise self.error(token, e)
  File "C:\Users\welson\scoop\apps\python\current\Lib\site-packages\django\template\base.py", line 516, in parse
    compiled_result = compile_func(self, token)
  File "C:\Users\welson\scoop\apps\python\current\Lib\site-packages\django\template\loader_tags.py", line 234, in do_block
    nodelist = parser.parse(("endblock",))
  File "C:\Users\welson\scoop\apps\python\current\Lib\site-packages\django\template\base.py", line 512, in parse
    self.invalid_block_tag(token, command, parse_until)
    ~~~~~~~~~~~~~~~~~~~~~~^^^^^^^^^^^^^^^^^^^^^^^^^^^^^
  File "C:\Users\welson\scoop\apps\python\current\Lib\site-packages\django\template\base.py", line 563, in invalid_block_tag
    raise self.error(
    ...<8 lines>...
    )
django.template.exceptions.TemplateSyntaxError: Invalid block tag on line 43: 'static', expected 'endblock'. Did you forget to register or load this tag?
"GET / HTTP/1.1" 500 189222
Internal Server Error: /
Traceback (most recent call last):
  File "C:\Users\welson\scoop\apps\python\current\Lib\site-packages\django\template\base.py", line 510, in parse
    compile_func = self.tags[command]
                   ~~~~~~~~~^^^^^^^^^
KeyError: 'static'

During handling of the above exception, another exception occurred:

Traceback (most recent call last):
  File "C:\Users\welson\scoop\apps\python\current\Lib\site-packages\django\core\handlers\exception.py", line 55, in inner
    response = get_response(request)
  File "C:\Users\welson\scoop\apps\python\current\Lib\site-packages\django\core\handlers\base.py", line 220, in _get_response
    response = response.render()
  File "C:\Users\welson\scoop\apps\python\current\Lib\site-packages\django\template\response.py", line 114, in render
    self.content = self.rendered_content
                   ^^^^^^^^^^^^^^^^^^^^^
  File "C:\Users\welson\scoop\apps\python\current\Lib\site-packages\django\template\response.py", line 90, in rendered_content
    template = self.resolve_template(self.template_name)
  File "C:\Users\welson\scoop\apps\python\current\Lib\site-packages\django\template\response.py", line 72, in resolve_template
    return select_template(template, using=self.using)
  File "C:\Users\welson\scoop\apps\python\current\Lib\site-packages\django\template\loader.py", line 42, in select_template
    return engine.get_template(template_name)
           ~~~~~~~~~~~~~~~~~~~^^^^^^^^^^^^^^^
  File "C:\Users\welson\scoop\apps\python\current\Lib\site-packages\django\template\backends\django.py", line 79, in get_template
    return Template(self.engine.get_template(template_name), self)
                    ~~~~~~~~~~~~~~~~~~~~~~~~^^^^^^^^^^^^^^^
  File "C:\Users\welson\scoop\apps\python\current\Lib\site-packages\django\template\engine.py", line 177, in get_template
    template, origin = self.find_template(template_name)
                       ~~~~~~~~~~~~~~~~~~^^^^^^^^^^^^^^^
  File "C:\Users\welson\scoop\apps\python\current\Lib\site-packages\django\template\engine.py", line 159, in find_template
    template = loader.get_template(name, skip=skip)
  File "C:\Users\welson\scoop\apps\python\current\Lib\site-packages\django\template\loaders\cached.py", line 57, in get_template
    template = super().get_template(template_name, skip)
  File "C:\Users\welson\scoop\apps\python\current\Lib\site-packages\django\template\loaders\base.py", line 28, in get_template
    return Template(
        contents,
    ...<2 lines>...
        self.engine,
    )
  File "C:\Users\welson\scoop\apps\python\current\Lib\site-packages\django\template\base.py", line 154, in __init__
    self.nodelist = self.compile_nodelist()
                    ~~~~~~~~~~~~~~~~~~~~~^^
  File "C:\Users\welson\scoop\apps\python\current\Lib\site-packages\django\template\base.py", line 196, in compile_nodelist
    nodelist = parser.parse()
  File "C:\Users\welson\scoop\apps\python\current\Lib\site-packages\django\template\base.py", line 518, in parse
    raise self.error(token, e)
  File "C:\Users\welson\scoop\apps\python\current\Lib\site-packages\django\template\base.py", line 516, in parse
    compiled_result = compile_func(self, token)
  File "C:\Users\welson\scoop\apps\python\current\Lib\site-packages\django\template\loader_tags.py", line 295, in do_extends
    nodelist = parser.parse()
  File "C:\Users\welson\scoop\apps\python\current\Lib\site-packages\django\template\base.py", line 518, in parse
    raise self.error(token, e)
  File "C:\Users\welson\scoop\apps\python\current\Lib\site-packages\django\template\base.py", line 516, in parse
    compiled_result = compile_func(self, token)
  File "C:\Users\welson\scoop\apps\python\current\Lib\site-packages\django\template\loader_tags.py", line 234, in do_block
    nodelist = parser.parse(("endblock",))
  File "C:\Users\welson\scoop\apps\python\current\Lib\site-packages\django\template\base.py", line 512, in parse
    self.invalid_block_tag(token, command, parse_until)
    ~~~~~~~~~~~~~~~~~~~~~~^^^^^^^^^^^^^^^^^^^^^^^^^^^^^
  File "C:\Users\welson\scoop\apps\python\current\Lib\site-packages\django\template\base.py", line 563, in invalid_block_tag
    raise self.error(
    ...<8 lines>...
    )
django.template.exceptions.TemplateSyntaxError: Invalid block tag on line 43: 'static', expected 'endblock'. Did you forget to register or load this tag?
"GET / HTTP/1.1" 500 189222
"GET / HTTP/1.1" 200 39083
"GET / HTTP/1.1" 200 39083
Not Found: /favicon.ico
- Broken pipe from ('127.0.0.1', 51207)
"GET / HTTP/1.1" 200 39055
"GET / HTTP/1.1" 200 39026
"GET / HTTP/1.1" 200 39026
"GET / HTTP/1.1" 200 38839
"GET / HTTP/1.1" 200 38839
"GET / HTTP/1.1" 200 38922
"GET / HTTP/1.1" 200 38922
"GET / HTTP/1.1" 200 38903
"GET / HTTP/1.1" 200 38903
"GET / HTTP/1.1" 200 39090
Not Found: /favicon.ico
- Broken pipe from ('127.0.0.1', 51322)
"GET /search/users/ HTTP/1.1" 200 34745
Not Found: /favicon.ico
- Broken pipe from ('127.0.0.1', 51325)
"GET / HTTP/1.1" 200 39090
"GET / HTTP/1.1" 200 39091
"GET / HTTP/1.1" 200 39091
"GET / HTTP/1.1" 200 39092
"GET / HTTP/1.1" 200 39091
"GET / HTTP/1.1" 200 39100
"GET / HTTP/1.1" 200 39104
"GET / HTTP/1.1" 200 39104
"GET / HTTP/1.1" 200 38710
Not Found: /favicon.ico
- Broken pipe from ('127.0.0.1', 51386)
"GET /search/users/ HTTP/1.1" 200 34501
"GET / HTTP/1.1" 200 38710
"GET / HTTP/1.1" 200 38711
"GET / HTTP/1.1" 200 38711
"GET /search/users/ HTTP/1.1" 200 34502
"GET / HTTP/1.1" 200 38711
"GET / HTTP/1.1" 200 38711
"GET /search/users/ HTTP/1.1" 200 34517
"GET /search/users/ HTTP/1.1" 200 34517
"GET / HTTP/1.1" 200 38711
"GET /search/users/ HTTP/1.1" 200 34517
"GET / HTTP/1.1" 200 38711
"GET /search/users/ HTTP/1.1" 200 34517
"GET /search/users/?q=None HTTP/1.1" 200 34545
"GET /search/users/?q= HTTP/1.1" 200 34513
"GET /search/users/?q= HTTP/1.1" 200 34513
"GET /search/users/?q=Use HTTP/1.1" 200 35019
"GET /search/users/?q=A HTTP/1.1" 200 34621
"GET / HTTP/1.1" 200 38711
C:\Users\welson\Desktop\quiz_project\quiz\home\views.py changed, reloading.
Watching for file changes with StatReloader
C:\Users\welson\Desktop\quiz_project\quiz\home\views.py changed, reloading.
Watching for file changes with StatReloader
"GET / HTTP/1.1" 200 38711
"GET /search/users/ HTTP/1.1" 200 34513
Not Found: /favicon.ico
- Broken pipe from ('127.0.0.1', 51450)
"GET /search/users/?q= HTTP/1.1" 200 34513
"GET /search/users/?q=use HTTP/1.1" 200 35019
"GET /search/users/?q=use HTTP/1.1" 200 35044
Not Found: /favicon.ico
- Broken pipe from ('127.0.0.1', 51452)
"GET /search/users/?q=use HTTP/1.1" 200 35022
"GET / HTTP/1.1" 200 38711
Not Found: /favicon.ico
- Broken pipe from ('127.0.0.1', 51473)
"GET / HTTP/1.1" 200 38689
"GET / HTTP/1.1" 200 38690
"GET /search/users/ HTTP/1.1" 200 34517
"GET / HTTP/1.1" 200 38690
"GET /quiz/15/ HTTP/1.1" 200 34487
"GET / HTTP/1.1" 200 38690
"GET /search/users/ HTTP/1.1" 200 34517
"GET /search/users/?q=user HTTP/1.1" 200 35024
"GET /profile/User1/ HTTP/1.1" 200 36030
"GET /quiz/15/ HTTP/1.1" 200 34487
"GET / HTTP/1.1" 200 38690
"GET / HTTP/1.1" 200 38690
"GET /search/users/ HTTP/1.1" 200 34517
"GET /search/users/?q=user HTTP/1.1" 200 35024
"GET /profile/User1/ HTTP/1.1" 200 36030
"GET /profile/User1/ HTTP/1.1" 200 36590
"GET /profile/User1/ HTTP/1.1" 200 36590
"GET /profile/User1/ HTTP/1.1" 200 36841
"GET /profile/User1/ HTTP/1.1" 200 36841
"GET / HTTP/1.1" 200 38690
"GET /search/users/ HTTP/1.1" 200 34517
"GET /search/users/?q=user HTTP/1.1" 200 35024
"GET /profile/User1/ HTTP/1.1" 200 36841
"GET / HTTP/1.1" 200 38690
"GET /search/users/ HTTP/1.1" 200 34517
"GET /search/users/?q=user HTTP/1.1" 200 35024
"GET /profile/User1/ HTTP/1.1" 200 36841
"GET / HTTP/1.1" 200 38690
"GET /search/users/ HTTP/1.1" 200 34517
"GET /search/users/?q=user HTTP/1.1" 200 35024
"GET /profile/User1/ HTTP/1.1" 200 36841
"GET / HTTP/1.1" 200 38690
Not Found: /favicon.ico
- Broken pipe from ('127.0.0.1', 51495)
"GET /search/users/ HTTP/1.1" 200 34517
"GET /search/users/?q=user HTTP/1.1" 200 35024
"GET /profile/User1/ HTTP/1.1" 200 36841
"GET /profile/User1/ HTTP/1.1" 200 37200
Not Found: /favicon.ico
- Broken pipe from ('127.0.0.1', 51626)
"GET / HTTP/1.1" 200 38690
Not Found: /favicon.ico
- Broken pipe from ('127.0.0.1', 51627)
"GET /search/users/ HTTP/1.1" 200 34517
"GET /search/users/?q=user HTTP/1.1" 200 35024
"GET /profile/User1/ HTTP/1.1" 200 37200
Not Found: /favicon.ico
- Broken pipe from ('127.0.0.1', 51628)
"GET / HTTP/1.1" 200 38690
"GET /search/users/ HTTP/1.1" 200 34517
"GET /search/users/?q=user2 HTTP/1.1" 200 34617
"GET /profile/User2/ HTTP/1.1" 200 35235
Not Found: /favicon.ico
- Broken pipe from ('127.0.0.1', 51630)
"GET /quiz/20/ HTTP/1.1" 200 35136
"GET / HTTP/1.1" 200 38690
"GET /search/users/ HTTP/1.1" 200 34517
"GET /search/users/?q=user HTTP/1.1" 200 35024
"GET /profile/User1/ HTTP/1.1" 200 37200
"GET /profile/User1/ HTTP/1.1" 200 37142
"GET / HTTP/1.1" 200 38690
Not Found: /favicon.ico
- Broken pipe from ('127.0.0.1', 51631)
"GET /search/users/ HTTP/1.1" 200 34517
Not Found: /favicon.ico
- Broken pipe from ('127.0.0.1', 51637)
"GET /search/users/ HTTP/1.1" 200 35402
"GET /search/users/?q=use HTTP/1.1" 200 36552
"GET /search/users/?q=users HTTP/1.1" 200 35451
"GET /search/users/?q=user HTTP/1.1" 200 36553
Not Found: /favicon.ico
- Broken pipe from ('127.0.0.1', 51694)
"GET /search/users/?q=a HTTP/1.1" 200 35668
"GET /search/users/?q=user HTTP/1.1" 200 36553
"GET /profile/User1/ HTTP/1.1" 200 37877
"GET / HTTP/1.1" 200 39425
Not Found: /favicon.ico
- Broken pipe from ('127.0.0.1', 51696)
"GET /search/users/ HTTP/1.1" 200 35402
"GET /search/users/?q=user HTTP/1.1" 200 36553
"GET /search/users/?q=user HTTP/1.1" 200 36526
"GET /search/users/?q=user HTTP/1.1" 200 36526
"GET / HTTP/1.1" 200 39425
Not Found: /favicon.ico
- Broken pipe from ('127.0.0.1', 51697)
C:\Users\welson\Desktop\quiz_project\quiz\home\models.py changed, reloading.
Watching for file changes with StatReloader
Watching for file changes with StatReloader
C:\Users\welson\Desktop\quiz_project\quiz\home\views.py changed, reloading.
Watching for file changes with StatReloader
C:\Users\welson\Desktop\quiz_project\quiz\home\views.py changed, reloading.
Watching for file changes with StatReloader
C:\Users\welson\Desktop\quiz_project\quiz\home\views.py changed, reloading.
Watching for file changes with StatReloader
C:\Users\welson\Desktop\quiz_project\quiz\home\views.py changed, reloading.
Watching for file changes with StatReloader
C:\Users\welson\Desktop\quiz_project\quiz\home\views.py changed, reloading.
Watching for file changes with StatReloader
C:\Users\welson\Desktop\quiz_project\quiz\home\urls.py changed, reloading.
Watching for file changes with StatReloader
C:\Users\welson\Desktop\quiz_project\quiz\home\urls.py changed, reloading.
Watching for file changes with StatReloader
"GET / HTTP/1.1" 200 41046
"GET /inbox HTTP/1.1" 301 0
"GET /inbox/ HTTP/1.1" 200 37176
"GET /search/users/?q=user HTTP/1.1" 200 38147
"GET /profile/User1/ HTTP/1.1" 200 39498
"GET / HTTP/1.1" 200 41046
"GET /inbox/ HTTP/1.1" 200 37176
"GET /search/users/?q=user2 HTTP/1.1" 200 37254
"GET /profile/User2/ HTTP/1.1" 200 37533
"GET / HTTP/1.1" 200 41046
"GET /search/users/ HTTP/1.1" 200 37023
"GET /search/users/?q=user2 HTTP/1.1" 200 37254
Not Found: /favicon.ico
- Broken pipe from ('127.0.0.1', 51914)
"GET /profile/User2/ HTTP/1.1" 200 37533
Not Found: /favicon.ico
- Broken pipe from ('127.0.0.1', 51915)
"GET /quiz/20/ HTTP/1.1" 200 37492
"GET / HTTP/1.1" 200 41046
"GET /quiz/20/ HTTP/1.1" 200 37492
"GET / HTTP/1.1" 200 41046
"GET /quiz/15/ HTTP/1.1" 200 36843
"GET / HTTP/1.1" 200 41046
"POST /logout/ HTTP/1.1" 302 0
"GET / HTTP/1.1" 302 0
"GET /logged_out/ HTTP/1.1" 200 4920
"GET /login/ HTTP/1.1" 200 37794
"GET /register/ HTTP/1.1" 200 39261
"GET / HTTP/1.1" 302 0
"GET /logged_out/ HTTP/1.1" 200 4920
"GET /login/ HTTP/1.1" 200 37794
"POST /login/ HTTP/1.1" 200 37808
"POST /login/ HTTP/1.1" 200 37808
"POST /login/ HTTP/1.1" 302 0
"GET / HTTP/1.1" 200 41905
"GET /inbox/ HTTP/1.1" 200 37176
C:\Users\welson\Desktop\quiz_project\quiz\home\urls.py changed, reloading.
Watching for file changes with StatReloader
Watching for file changes with StatReloader
"GET / HTTP/1.1" 302 0
"GET /logged_out/ HTTP/1.1" 200 4920
"GET /static/js/particles.js HTTP/1.1" 200 43009
Not Found: /favicon.ico
"GET /favicon.ico HTTP/1.1" 404 7644
"GET /logged_out/ HTTP/1.1" 200 4920
"GET /login/ HTTP/1.1" 200 37794
"POST /login/ HTTP/1.1" 302 0
"GET / HTTP/1.1" 200 41905
"GET /create-quiz/ HTTP/1.1" 200 37260
"GET / HTTP/1.1" 200 41905
"GET /quiz/15/ HTTP/1.1" 200 45932
"GET / HTTP/1.1" 200 41905
"GET / HTTP/1.1" 200 41905
- Broken pipe from ('127.0.0.1', 55915)
"GET /search/users/ HTTP/1.1" 200 37023
"GET /search/users/?q=user2 HTTP/1.1" 200 37254
Not Found: /favicon.ico
- Broken pipe from ('127.0.0.1', 56993)
"GET /profile/User2/ HTTP/1.1" 200 37533
Internal Server Error: /profile/User2/
Traceback (most recent call last):
  File "C:\Users\welson\scoop\apps\python\current\Lib\site-packages\django\core\handlers\exception.py", line 55, in inner
    response = get_response(request)
  File "C:\Users\welson\scoop\apps\python\current\Lib\site-packages\django\core\handlers\base.py", line 197, in _get_response
    response = wrapped_callback(request, *callback_args, **callback_kwargs)
  File "C:\Users\welson\Desktop\quiz_project\quiz\home\views.py", line 63, in user_profile
    return render(request, 'home/user_profile.html', {'profile_user': user, 'quizzes': quizzes})
  File "C:\Users\welson\scoop\apps\python\current\Lib\site-packages\django\shortcuts.py", line 25, in render
    content = loader.render_to_string(template_name, context, request, using=using)
  File "C:\Users\welson\scoop\apps\python\current\Lib\site-packages\django\template\loader.py", line 62, in render_to_string
    return template.render(context, request)
           ~~~~~~~~~~~~~~~^^^^^^^^^^^^^^^^^^
  File "C:\Users\welson\scoop\apps\python\current\Lib\site-packages\django\template\backends\django.py", line 107, in render
    return self.template.render(context)
           ~~~~~~~~~~~~~~~~~~~~^^^^^^^^^
  File "C:\Users\welson\scoop\apps\python\current\Lib\site-packages\django\template\base.py", line 171, in render
    return self._render(context)
           ~~~~~~~~~~~~^^^^^^^^^
  File "C:\Users\welson\scoop\apps\python\current\Lib\site-packages\django\template\base.py", line 163, in _render
    return self.nodelist.render(context)
           ~~~~~~~~~~~~~~~~~~~~^^^^^^^^^
  File "C:\Users\welson\scoop\apps\python\current\Lib\site-packages\django\template\base.py", line 1008, in render
    return SafeString("".join([node.render_annotated(context) for node in self]))
                               ~~~~~~~~~~~~~~~~~~~~~^^^^^^^^^
  File "C:\Users\welson\scoop\apps\python\current\Lib\site-packages\django\template\base.py", line 969, in render_annotated
    return self.render(context)
           ~~~~~~~~~~~^^^^^^^^^
  File "C:\Users\welson\scoop\apps\python\current\Lib\site-packages\django\template\loader_tags.py", line 159, in render
    return compiled_parent._render(context)
           ~~~~~~~~~~~~~~~~~~~~~~~^^^^^^^^^
  File "C:\Users\welson\scoop\apps\python\current\Lib\site-packages\django\template\base.py", line 163, in _render
    return self.nodelist.render(context)
           ~~~~~~~~~~~~~~~~~~~~^^^^^^^^^
  File "C:\Users\welson\scoop\apps\python\current\Lib\site-packages\django\template\base.py", line 1008, in render
    return SafeString("".join([node.render_annotated(context) for node in self]))
                               ~~~~~~~~~~~~~~~~~~~~~^^^^^^^^^
  File "C:\Users\welson\scoop\apps\python\current\Lib\site-packages\django\template\base.py", line 969, in render_annotated
    return self.render(context)
           ~~~~~~~~~~~^^^^^^^^^
  File "C:\Users\welson\scoop\apps\python\current\Lib\site-packages\django\template\loader_tags.py", line 65, in render
    result = block.nodelist.render(context)
  File "C:\Users\welson\scoop\apps\python\current\Lib\site-packages\django\template\base.py", line 1008, in render
    return SafeString("".join([node.render_annotated(context) for node in self]))
                               ~~~~~~~~~~~~~~~~~~~~~^^^^^^^^^
  File "C:\Users\welson\scoop\apps\python\current\Lib\site-packages\django\template\base.py", line 969, in render_annotated
    return self.render(context)
           ~~~~~~~~~~~^^^^^^^^^
  File "C:\Users\welson\scoop\apps\python\current\Lib\site-packages\django\template\defaulttags.py", line 327, in render
    return nodelist.render(context)
           ~~~~~~~~~~~~~~~^^^^^^^^^
  File "C:\Users\welson\scoop\apps\python\current\Lib\site-packages\django\template\base.py", line 1008, in render
    return SafeString("".join([node.render_annotated(context) for node in self]))
                               ~~~~~~~~~~~~~~~~~~~~~^^^^^^^^^
  File "C:\Users\welson\scoop\apps\python\current\Lib\site-packages\django\template\base.py", line 969, in render_annotated
    return self.render(context)
           ~~~~~~~~~~~^^^^^^^^^
  File "C:\Users\welson\scoop\apps\python\current\Lib\site-packages\django\template\defaulttags.py", line 480, in render
    url = reverse(view_name, args=args, kwargs=kwargs, current_app=current_app)
  File "C:\Users\welson\scoop\apps\python\current\Lib\site-packages\django\urls\base.py", line 88, in reverse
    return resolver._reverse_with_prefix(view, prefix, *args, **kwargs)
           ~~~~~~~~~~~~~~~~~~~~~~~~~~~~~^^^^^^^^^^^^^^^^^^^^^^^^^^^^^^^
  File "C:\Users\welson\scoop\apps\python\current\Lib\site-packages\django\urls\resolvers.py", line 831, in _reverse_with_prefix
    raise NoReverseMatch(msg)
django.urls.exceptions.NoReverseMatch: Reverse for 'start_conversation' not found. 'start_conversation' is not a valid view function or pattern name.
"GET /profile/User2/ HTTP/1.1" 500 166460
C:\Users\welson\Desktop\quiz_project\quiz\home\views.py changed, reloading.
Watching for file changes with StatReloader
C:\Users\welson\Desktop\quiz_project\quiz\home\views.py changed, reloading.
Watching for file changes with StatReloader
C:\Users\welson\Desktop\quiz_project\quiz\home\views.py changed, reloading.
Watching for file changes with StatReloader
C:\Users\welson\Desktop\quiz_project\quiz\home\urls.py changed, reloading.
Watching for file changes with StatReloader
C:\Users\welson\Desktop\quiz_project\quiz\home\urls.py changed, reloading.
Watching for file changes with StatReloader
C:\Users\welson\Desktop\quiz_project\quiz\home\urls.py changed, reloading.
Watching for file changes with StatReloader
C:\Users\welson\Desktop\quiz_project\quiz\home\views.py changed, reloading.
Watching for file changes with StatReloader
C:\Users\welson\Desktop\quiz_project\quiz\home\urls.py changed, reloading.
Watching for file changes with StatReloader
C:\Users\welson\Desktop\quiz_project\quiz\home\urls.py changed, reloading.
Watching for file changes with StatReloader
C:\Users\welson\Desktop\quiz_project\quiz\home\urls.py changed, reloading.
Watching for file changes with StatReloader
C:\Users\welson\Desktop\quiz_project\quiz\home\urls.py changed, reloading.
Watching for file changes with StatReloader
C:\Users\welson\Desktop\quiz_project\quiz\home\urls.py changed, reloading.
Watching for file changes with StatReloader
C:\Users\welson\Desktop\quiz_project\quiz\home\urls.py changed, reloading.
Watching for file changes with StatReloader
C:\Users\welson\Desktop\quiz_project\quiz\home\urls.py changed, reloading.
Watching for file changes with StatReloader
"GET /admin/login/?next=/admin/base/user/ HTTP/1.1" 200 3694
- Broken pipe from ('127.0.0.1', 57238)
- Broken pipe from ('127.0.0.1', 57234)
- Broken pipe from ('127.0.0.1', 57237)
- Broken pipe from ('127.0.0.1', 57235)
- Broken pipe from ('127.0.0.1', 57232)
Not Found: /favicon.ico
- Broken pipe from ('127.0.0.1', 57239)
- Broken pipe from ('127.0.0.1', 57236)
"GET /profile/User2/ HTTP/1.1" 200 37649
Not Found: /favicon.ico
- Broken pipe from ('127.0.0.1', 57240)
"GET / HTTP/1.1" 200 41905
"GET /search/users/ HTTP/1.1" 200 37023
Not Found: /favicon.ico
- Broken pipe from ('127.0.0.1', 57242)
"GET /search/users/?q=User2 HTTP/1.1" 200 37254
"GET /profile/User2/ HTTP/1.1" 200 37649
Not Found: /favicon.ico
- Broken pipe from ('127.0.0.1', 57244)
"GET /start-conversation/User2/ HTTP/1.1" 302 0
"GET /chat/User2/ HTTP/1.1" 200 37472
"POST /chat/User2/ HTTP/1.1" 302 0
"GET /chat/User2/ HTTP/1.1" 200 37633
Not Found: /favicon.ico
- Broken pipe from ('127.0.0.1', 57245)
"GET / HTTP/1.1" 200 41905
Not Found: /favicon.ico
- Broken pipe from ('127.0.0.1', 57249)
"GET /inbox/ HTTP/1.1" 200 37271
Not Found: /favicon.ico
- Broken pipe from ('127.0.0.1', 57253)
"GET /chat/User2/ HTTP/1.1" 200 37633
Not Found: /favicon.ico
- Broken pipe from ('127.0.0.1', 57255)
"GET / HTTP/1.1" 200 41905
"POST /logout/ HTTP/1.1" 302 0
"GET / HTTP/1.1" 302 0
"GET /logged_out/ HTTP/1.1" 200 4920
"GET /login/ HTTP/1.1" 200 37794
"POST /login/ HTTP/1.1" 302 0
"GET / HTTP/1.1" 200 41905
"GET /inbox/ HTTP/1.1" 200 37271
"GET /chat/User2/ HTTP/1.1" 200 37633
Not Found: /favicon.ico
- Broken pipe from ('127.0.0.1', 57257)
"GET / HTTP/1.1" 200 41905
"GET /inbox/ HTTP/1.1" 200 37271
"GET /chat/User2/ HTTP/1.1" 200 37633
Not Found: /favicon.ico
- Broken pipe from ('127.0.0.1', 57265)
"GET / HTTP/1.1" 200 41905
"GET /search/users/ HTTP/1.1" 200 37023
Not Found: /favicon.ico
- Broken pipe from ('127.0.0.1', 57266)
"GET /search/users/?q=user1 HTTP/1.1" 200 37707
"GET /profile/User1/ HTTP/1.1" 200 39511
"GET / HTTP/1.1" 200 41905
"POST /logout/ HTTP/1.1" 302 0
"GET / HTTP/1.1" 302 0
"GET /logged_out/ HTTP/1.1" 200 4920
"GET /login/ HTTP/1.1" 200 37794
"POST /login/ HTTP/1.1" 302 0
"GET / HTTP/1.1" 200 41046
"GET /inbox/ HTTP/1.1" 200 37271
"GET /chat/User1/ HTTP/1.1" 200 37637
"GET /chat/User1/ HTTP/1.1" 200 38157
Not Found: /favicon.ico
- Broken pipe from ('127.0.0.1', 57764)
"GET /chat/User1/ HTTP/1.1" 200 38157
Not Found: /favicon.ico
- Broken pipe from ('127.0.0.1', 57767)
"GET / HTTP/1.1" 200 41566
"GET /inbox/ HTTP/1.1" 200 37791
"GET /chat/User1/ HTTP/1.1" 200 38157
"POST /chat/User1/ HTTP/1.1" 302 0
"GET /chat/User1/ HTTP/1.1" 200 38320
"GET /search/users/?q=user HTTP/1.1" 200 38667
"GET /profile/User3/ HTTP/1.1" 200 37960
"GET /start-conversation/User3/ HTTP/1.1" 302 0
"GET /chat/User3/ HTTP/1.1" 200 37992
Not Found: /favicon.ico
- Broken pipe from ('127.0.0.1', 57769)
"POST /chat/User3/ HTTP/1.1" 302 0
"GET /chat/User3/ HTTP/1.1" 200 38151
"GET /inbox/ HTTP/1.1" 200 37946
"GET /chat/User3/ HTTP/1.1" 200 38151
Not Found: /favicon.ico
- Broken pipe from ('127.0.0.1', 57775)
"GET /chat/User1/ HTTP/1.1" 200 38320
"POST /chat/User1/ HTTP/1.1" 302 0
"GET /chat/User1/ HTTP/1.1" 200 38479
"GET /inbox/ HTTP/1.1" 200 37942
"GET /chat/User1/ HTTP/1.1" 200 38479
C:\Users\welson\Desktop\quiz_project\quiz\home\views.py changed, reloading.
Watching for file changes with StatReloader
"GET /chat/User1/ HTTP/1.1" 200 38881
Not Found: /favicon.ico
- Broken pipe from ('127.0.0.1', 57931)
"GET /chat/User3/ HTTP/1.1" 200 38553
"GET /chat/User1/ HTTP/1.1" 200 38881
"GET /chat/User3/ HTTP/1.1" 200 38553
"POST /chat/User3/ HTTP/1.1" 302 0
"GET /chat/User3/ HTTP/1.1" 200 38713
"GET /chat/User1/ HTTP/1.1" 200 38881
"POST /chat/User1/ HTTP/1.1" 302 0
"GET /chat/User1/ HTTP/1.1" 200 39044
"GET / HTTP/1.1" 200 41566
"POST /logout/ HTTP/1.1" 302 0
"GET / HTTP/1.1" 302 0
"GET /logged_out/ HTTP/1.1" 200 4920
"GET /login/ HTTP/1.1" 200 38314
"POST /login/ HTTP/1.1" 302 0
"GET / HTTP/1.1" 200 42425
"GET /search/users/ HTTP/1.1" 200 37543
"GET /search/users/?q=user HTTP/1.1" 200 38667
"GET /profile/User1/ HTTP/1.1" 200 40031
Not Found: /favicon.ico
- Broken pipe from ('127.0.0.1', 57937)
"GET / HTTP/1.1" 200 42425
"GET /search/users/ HTTP/1.1" 200 37543
"GET /search/users/?q=User2 HTTP/1.1" 200 37774
Not Found: /favicon.ico
- Broken pipe from ('127.0.0.1', 57978)
"GET /profile/User2/ HTTP/1.1" 200 38169
"GET /inbox/ HTTP/1.1" 200 37793
Not Found: /favicon.ico
- Broken pipe from ('127.0.0.1', 57982)
"GET /chat/User2/ HTTP/1.1" 200 38941
Not Found: /favicon.ico
- Broken pipe from ('127.0.0.1', 57983)
"GET /chat/User2/ HTTP/1.1" 200 38927
Not Found: /favicon.ico
- Broken pipe from ('127.0.0.1', 58039)
"GET / HTTP/1.1" 200 42425
"GET / HTTP/1.1" 200 43177
Not Found: /favicon.ico
- Broken pipe from ('127.0.0.1', 58201)
"GET / HTTP/1.1" 200 43206
Not Found: /favicon.ico
- Broken pipe from ('127.0.0.1', 58238)
"GET / HTTP/1.1" 200 43177
Not Found: /favicon.ico
- Broken pipe from ('127.0.0.1', 58270)
"GET / HTTP/1.1" 200 43148
"GET / HTTP/1.1" 200 43177
"GET / HTTP/1.1" 200 43218
"GET / HTTP/1.1" 200 43219
"GET / HTTP/1.1" 200 43218
"GET /inbox/ HTTP/1.1" 200 38310
"GET /chat/User2/ HTTP/1.1" 200 39444
"GET / HTTP/1.1" 200 43218
"GET /inbox/ HTTP/1.1" 200 38310
"GET / HTTP/1.1" 200 43218
Not Found: /favicon.ico
- Broken pipe from ('127.0.0.1', 58276)
"GET /inbox/ HTTP/1.1" 200 38310
"GET / HTTP/1.1" 200 43218
Watching for file changes with StatReloader
"GET / HTTP/1.1" 200 43160
"POST /logout/ HTTP/1.1" 302 0
"GET / HTTP/1.1" 302 0
"GET /logged_out/ HTTP/1.1" 200 4920
"GET /logged_out/ HTTP/1.1" 200 4920
C:\Users\welson\Desktop\quiz_project\quiz\home\views.py changed, reloading.
Watching for file changes with StatReloader
C:\Users\welson\Desktop\quiz_project\quiz\home\views.py changed, reloading.
Watching for file changes with StatReloader
C:\Users\welson\Desktop\quiz_project\quiz\home\views.py changed, reloading.
Watching for file changes with StatReloader
C:\Users\welson\Desktop\quiz_project\quiz\home\views.py changed, reloading.
Watching for file changes with StatReloader
C:\Users\welson\Desktop\quiz_project\quiz\home\views.py changed, reloading.
Watching for file changes with StatReloader
C:\Users\welson\Desktop\quiz_project\quiz\home\views.py changed, reloading.
Watching for file changes with StatReloader
C:\Users\welson\Desktop\quiz_project\quiz\home\views.py changed, reloading.
Watching for file changes with StatReloader
